<?xml version="1.0" encoding="UTF-8"?>
<testsuite xmlns:xsi="http://www.w3.org/2001/XMLSchema-instance" xsi:noNamespaceSchemaLocation="https://maven.apache.org/surefire/maven-surefire-plugin/xsd/surefire-test-report-3.0.xsd" version="3.0" name="com.bukola.bankaccount.BankAccountTest" time="0.093" tests="5" errors="0" skipped="0" failures="1">
  <properties>
[...]
</properties>
  <testcase name="withdraw" classname="com.bukola.bankaccount.BankAccountTest" time="0.028"/>
  <testcase name="withdrawZeroBalance" classname="com.bukola.bankaccount.BankAccountTest" time="0.01">
    <failure message="Expected java.lang.IllegalArgumentException to be thrown, but nothing was thrown." type="org.opentest4j.AssertionFailedError"><![CDATA[org.opentest4j.AssertionFailedError: Expected java.lang.IllegalArgumentException to be thrown, but nothing was thrown.
	at org.junit.jupiter.api.AssertionFailureBuilder.build(AssertionFailureBuilder.java:152)
	at org.junit.jupiter.api.AssertThrows.assertThrows(AssertThrows.java:73)
	at org.junit.jupiter.api.AssertThrows.assertThrows(AssertThrows.java:35)
	at org.junit.jupiter.api.Assertions.assertThrows(Assertions.java:3115)
	at com.bukola.bankaccount.BankAccountTest.withdrawZeroBalance(BankAccountTest.java:38)
	at java.base/java.lang.reflect.Method.invoke(Method.java:580)
	at java.base/java.util.ArrayList.forEach(ArrayList.java:1597)
	at java.base/java.util.ArrayList.forEach(ArrayList.java:1597)
]]></failure>
  </testcase>
  <testcase name="withdrawMoreThanBalance" classname="com.bukola.bankaccount.BankAccountTest" time="0.002"/>
  <testcase name="depositNegativeBalance" classname="com.bukola.bankaccount.BankAccountTest" time="0.003"/>
  <testcase name="deposit" classname="com.bukola.bankaccount.BankAccountTest" time="0.001"/>
</testsuite>